<?xml version="1.0" encoding="UTF-8" ?>
<testsuite tests="8" failures="0" name="log4JToXml.propertiesToXml.PropertiesToXmlTest" time="1.035" errors="0" skipped="0">
  <properties>
[...]
</properties>
  <testcase classname="log4JToXml.propertiesToXml.PropertiesToXmlTest" name="notAPropertieFileTest" time="0.302"/>
  <testcase classname="log4JToXml.propertiesToXml.PropertiesToXmlTest" name="propertiesToXmlTest1" time="0.491"/>
  <testcase classname="log4JToXml.propertiesToXml.PropertiesToXmlTest" name="propertiesToXmlTest2" time="0.025"/>
  <testcase classname="log4JToXml.propertiesToXml.PropertiesToXmlTest" name="propertiesToXmlTest3" time="0.01"/>
  <testcase classname="log4JToXml.propertiesToXml.PropertiesToXmlTest" name="propertiesToXmlTest4" time="0.003"/>
  <testcase classname="log4JToXml.propertiesToXml.PropertiesToXmlTest" name="propertiesToXmlTest5" time="0.009"/>
  <testcase classname="log4JToXml.propertiesToXml.PropertiesToXmlTest" name="nullProperiesTest" time="0"/>
  <testcase classname="log4JToXml.propertiesToXml.PropertiesToXmlTest" name="nullSaveTest" time="0.006"/>
</testsuite>