<?xml version="1.0" encoding="UTF-8" ?>
<testsuite tests="8" failures="0" name="log4JToXml.propertiesToXml.PropertiesToXmlTest" time="1.015" errors="1" skipped="0">
  <properties>
[...]
</properties>
  <testcase classname="log4JToXml.propertiesToXml.PropertiesToXmlTest" name="notAPropertieFileTest" time="0.306"/>
  <testcase classname="log4JToXml.propertiesToXml.PropertiesToXmlTest" name="propertiesToXmlTest1" time="0.373"/>
  <testcase classname="log4JToXml.propertiesToXml.PropertiesToXmlTest" name="propertiesToXmlTest2" time="0.025"/>
  <testcase classname="log4JToXml.propertiesToXml.PropertiesToXmlTest" name="propertiesToXmlTest3" time="0.005"/>
  <testcase classname="log4JToXml.propertiesToXml.PropertiesToXmlTest" name="propertiesToXmlTest4" time="0.004"/>
  <testcase classname="log4JToXml.propertiesToXml.PropertiesToXmlTest" name="propertiesToXmlTest5" time="0.019">
    <error message="Unexpected exception, expected&lt;java.lang.IllegalArgumentException&gt; but was&lt;java.io.FileNotFoundException&gt;" type="java.lang.Exception">java.lang.Exception: Unexpected exception, expected&lt;java.lang.IllegalArgumentException&gt; but was&lt;java.io.FileNotFoundException&gt;
	at org.junit.internal.runners.statements.ExpectException.evaluate(ExpectException.java:28)
	at org.junit.runners.ParentRunner.runLeaf(ParentRunner.java:325)
	at org.junit.runners.BlockJUnit4ClassRunner.runChild(BlockJUnit4ClassRunner.java:78)
	at org.junit.runners.BlockJUnit4ClassRunner.runChild(BlockJUnit4ClassRunner.java:57)
	at org.junit.runners.ParentRunner$3.run(ParentRunner.java:290)
	at org.junit.runners.ParentRunner$1.schedule(ParentRunner.java:71)
	at org.junit.runners.ParentRunner.runChildren(ParentRunner.java:288)
	at org.junit.runners.ParentRunner.access$000(ParentRunner.java:58)
	at org.junit.runners.ParentRunner$2.evaluate(ParentRunner.java:268)
	at org.junit.runners.ParentRunner.run(ParentRunner.java:363)
	at org.apache.maven.surefire.junit4.JUnit4TestSet.execute(JUnit4TestSet.java:53)
	at org.apache.maven.surefire.junit4.JUnit4Provider.executeTestSet(JUnit4Provider.java:123)
	at org.apache.maven.surefire.junit4.JUnit4Provider.invoke(JUnit4Provider.java:104)
	at sun.reflect.NativeMethodAccessorImpl.invoke0(Native Method)
	at sun.reflect.NativeMethodAccessorImpl.invoke(NativeMethodAccessorImpl.java:62)
	at sun.reflect.DelegatingMethodAccessorImpl.invoke(DelegatingMethodAccessorImpl.java:43)
	at java.lang.reflect.Method.invoke(Method.java:483)
	at org.apache.maven.surefire.util.ReflectionUtils.invokeMethodWithArray(ReflectionUtils.java:164)
	at org.apache.maven.surefire.booter.ProviderFactory$ProviderProxy.invoke(ProviderFactory.java:110)
	at org.apache.maven.surefire.booter.SurefireStarter.invokeProvider(SurefireStarter.java:175)
	at org.apache.maven.surefire.booter.SurefireStarter.runSuitesInProcessWhenForked(SurefireStarter.java:107)
	at org.apache.maven.surefire.booter.ForkedBooter.main(ForkedBooter.java:68)
Caused by: java.io.FileNotFoundException: src\main\resources\tehwrstData\propertiesToXmlTestOutput5.xml (The system cannot find the path specified)
	at java.io.FileOutputStream.open(Native Method)
	at java.io.FileOutputStream.&lt;init&gt;(FileOutputStream.java:213)
	at java.io.FileOutputStream.&lt;init&gt;(FileOutputStream.java:162)
	at java.io.PrintWriter.&lt;init&gt;(PrintWriter.java:192)
	at java.io.PrintWriter.&lt;init&gt;(PrintWriter.java:232)
	at log4JToXml.propertiesToXml.XmlPropertiesBuilder.saveXmlDocument(XmlPropertiesBuilder.java:202)
	at log4JToXml.propertiesToXml.PropertiesToXmlTest.propertiesToXmlTest5(PropertiesToXmlTest.java:89)
	at sun.reflect.NativeMethodAccessorImpl.invoke0(Native Method)
	at sun.reflect.NativeMethodAccessorImpl.invoke(NativeMethodAccessorImpl.java:62)
	at sun.reflect.DelegatingMethodAccessorImpl.invoke(DelegatingMethodAccessorImpl.java:43)
	at java.lang.reflect.Method.invoke(Method.java:483)
	at org.junit.runners.model.FrameworkMethod$1.runReflectiveCall(FrameworkMethod.java:50)
	at org.junit.internal.runners.model.ReflectiveCallable.run(ReflectiveCallable.java:12)
	at org.junit.runners.model.FrameworkMethod.invokeExplosively(FrameworkMethod.java:47)
	at org.junit.internal.runners.statements.InvokeMethod.evaluate(InvokeMethod.java:17)
	at org.junit.internal.runners.statements.ExpectException.evaluate(ExpectException.java:19)
	... 21 more
</error>
  </testcase>
  <testcase classname="log4JToXml.propertiesToXml.PropertiesToXmlTest" name="nullProperiesTest" time="0"/>
  <testcase classname="log4JToXml.propertiesToXml.PropertiesToXmlTest" name="nullSaveTest" time="0.004"/>
</testsuite>