<?xml version="1.0" encoding="UTF-8" ?>
<testsuite tests="10" failures="0" name="log4JToXml.xmlToProperties.XmlToPropertiesTest" time="0.925" errors="1" skipped="0">
  <properties>
[...]
</properties>
  <testcase classname="log4JToXml.xmlToProperties.XmlToPropertiesTest" name="xmlToPropertiesTest1" time="0.518"/>
  <testcase classname="log4JToXml.xmlToProperties.XmlToPropertiesTest" name="xmlToPropertiesTest2" time="0.03"/>
  <testcase classname="log4JToXml.xmlToProperties.XmlToPropertiesTest" name="xmlToPropertiesTest3" time="0.035"/>
  <testcase classname="log4JToXml.xmlToProperties.XmlToPropertiesTest" name="xmlToPropertiesTest4" time="0.026"/>
  <testcase classname="log4JToXml.xmlToProperties.XmlToPropertiesTest" name="xmlToPropertiesTest5" time="0.097"/>
  <testcase classname="log4JToXml.xmlToProperties.XmlToPropertiesTest" name="xmlToPropertiesTest6" time="0.034"/>
  <testcase classname="log4JToXml.xmlToProperties.XmlToPropertiesTest" name="xmlToPropertiesTestNullInput" time="0.007"/>
  <testcase classname="log4JToXml.xmlToProperties.XmlToPropertiesTest" name="xmlToPropertiesTestNonexistentInput" time="0.011"/>
  <testcase classname="log4JToXml.xmlToProperties.XmlToPropertiesTest" name="xmlToPropertiesTestNullOutput" time="0.049">
    <error message="Unexpected exception, expected&lt;java.lang.IllegalArgumentException&gt; but was&lt;java.lang.NullPointerException&gt;" type="java.lang.Exception">java.lang.Exception: Unexpected exception, expected&lt;java.lang.IllegalArgumentException&gt; but was&lt;java.lang.NullPointerException&gt;
	at org.junit.internal.runners.statements.ExpectException.evaluate(ExpectException.java:28)
	at org.junit.runners.ParentRunner.runLeaf(ParentRunner.java:325)
	at org.junit.runners.BlockJUnit4ClassRunner.runChild(BlockJUnit4ClassRunner.java:78)
	at org.junit.runners.BlockJUnit4ClassRunner.runChild(BlockJUnit4ClassRunner.java:57)
	at org.junit.runners.ParentRunner$3.run(ParentRunner.java:290)
	at org.junit.runners.ParentRunner$1.schedule(ParentRunner.java:71)
	at org.junit.runners.ParentRunner.runChildren(ParentRunner.java:288)
	at org.junit.runners.ParentRunner.access$000(ParentRunner.java:58)
	at org.junit.runners.ParentRunner$2.evaluate(ParentRunner.java:268)
	at org.junit.runners.ParentRunner.run(ParentRunner.java:363)
	at org.apache.maven.surefire.junit4.JUnit4TestSet.execute(JUnit4TestSet.java:53)
	at org.apache.maven.surefire.junit4.JUnit4Provider.executeTestSet(JUnit4Provider.java:123)
	at org.apache.maven.surefire.junit4.JUnit4Provider.invoke(JUnit4Provider.java:104)
	at sun.reflect.NativeMethodAccessorImpl.invoke0(Native Method)
	at sun.reflect.NativeMethodAccessorImpl.invoke(NativeMethodAccessorImpl.java:62)
	at sun.reflect.DelegatingMethodAccessorImpl.invoke(DelegatingMethodAccessorImpl.java:43)
	at java.lang.reflect.Method.invoke(Method.java:483)
	at org.apache.maven.surefire.util.ReflectionUtils.invokeMethodWithArray(ReflectionUtils.java:164)
	at org.apache.maven.surefire.booter.ProviderFactory$ProviderProxy.invoke(ProviderFactory.java:110)
	at org.apache.maven.surefire.booter.SurefireStarter.invokeProvider(SurefireStarter.java:175)
	at org.apache.maven.surefire.booter.SurefireStarter.runSuitesInProcessWhenForked(SurefireStarter.java:107)
	at org.apache.maven.surefire.booter.ForkedBooter.main(ForkedBooter.java:68)
Caused by: java.lang.NullPointerException
	at java.io.FileOutputStream.&lt;init&gt;(FileOutputStream.java:203)
	at java.io.FileOutputStream.&lt;init&gt;(FileOutputStream.java:133)
	at log4JToXml.xmlToProperties.XmlToLog4jConverterImpl.saveTo(XmlToLog4jConverterImpl.java:380)
	at log4JToXml.xmlToProperties.XmlToLog4jConverterImpl.convertAndSave(XmlToLog4jConverterImpl.java:396)
	at log4JToXml.xmlToProperties.XmlToPropertiesTest.xmlToPropertiesTestNullOutput(XmlToPropertiesTest.java:123)
	at sun.reflect.NativeMethodAccessorImpl.invoke0(Native Method)
	at sun.reflect.NativeMethodAccessorImpl.invoke(NativeMethodAccessorImpl.java:62)
	at sun.reflect.DelegatingMethodAccessorImpl.invoke(DelegatingMethodAccessorImpl.java:43)
	at java.lang.reflect.Method.invoke(Method.java:483)
	at org.junit.runners.model.FrameworkMethod$1.runReflectiveCall(FrameworkMethod.java:50)
	at org.junit.internal.runners.model.ReflectiveCallable.run(ReflectiveCallable.java:12)
	at org.junit.runners.model.FrameworkMethod.invokeExplosively(FrameworkMethod.java:47)
	at org.junit.internal.runners.statements.InvokeMethod.evaluate(InvokeMethod.java:17)
	at org.junit.internal.runners.statements.ExpectException.evaluate(ExpectException.java:19)
	... 21 more
</error>
  </testcase>
  <testcase classname="log4JToXml.xmlToProperties.XmlToPropertiesTest" name="xmlToPropertiesTestNotXmlInput" time="0.018"/>
</testsuite>